mode: set
github.com/johnhoman/kubeflow-profile-manager/apiserver/server.go:20.64,25.27 4 1
github.com/johnhoman/kubeflow-profile-manager/apiserver/server.go:28.2,28.32 1 1
github.com/johnhoman/kubeflow-profile-manager/apiserver/server.go:31.2,31.32 1 1
github.com/johnhoman/kubeflow-profile-manager/apiserver/server.go:35.2,48.15 9 1
github.com/johnhoman/kubeflow-profile-manager/apiserver/server.go:25.27,27.3 1 0
github.com/johnhoman/kubeflow-profile-manager/apiserver/server.go:28.32,30.3 1 0
github.com/johnhoman/kubeflow-profile-manager/apiserver/server.go:31.32,33.3 1 0
github.com/johnhoman/kubeflow-profile-manager/controller/serviceaccount/reconciler.go:18.89,20.2 1 0
github.com/johnhoman/kubeflow-profile-manager/controller/serviceaccount/reconciler.go:24.57,25.29 1 0
github.com/johnhoman/kubeflow-profile-manager/controller/serviceaccount/reconciler.go:25.29,27.3 1 0
github.com/johnhoman/kubeflow-profile-manager/controller/serviceaccount/reconciler.go:30.79,36.25 2 0
github.com/johnhoman/kubeflow-profile-manager/controller/serviceaccount/reconciler.go:39.2,39.10 1 0
github.com/johnhoman/kubeflow-profile-manager/controller/serviceaccount/reconciler.go:36.25,38.3 1 0
github.com/johnhoman/kubeflow-profile-manager/controller/serviceaccount/reconciler.go:51.92,54.78 2 0
github.com/johnhoman/kubeflow-profile-manager/controller/serviceaccount/reconciler.go:59.2,59.27 1 0
github.com/johnhoman/kubeflow-profile-manager/controller/serviceaccount/reconciler.go:54.78,57.3 2 0
github.com/johnhoman/kubeflow-profile-manager/controller/profile/reconciler.go:45.84,68.76 3 0
github.com/johnhoman/kubeflow-profile-manager/controller/profile/reconciler.go:75.2,75.40 1 0
github.com/johnhoman/kubeflow-profile-manager/controller/profile/reconciler.go:81.2,81.52 1 0
github.com/johnhoman/kubeflow-profile-manager/controller/profile/reconciler.go:85.2,85.44 1 0
github.com/johnhoman/kubeflow-profile-manager/controller/profile/reconciler.go:89.2,89.54 1 0
github.com/johnhoman/kubeflow-profile-manager/controller/profile/reconciler.go:68.76,72.5 1 0
github.com/johnhoman/kubeflow-profile-manager/controller/profile/reconciler.go:75.40,79.3 2 0
github.com/johnhoman/kubeflow-profile-manager/controller/profile/reconciler.go:81.52,83.3 1 0
github.com/johnhoman/kubeflow-profile-manager/controller/profile/reconciler.go:85.44,87.3 1 0
github.com/johnhoman/kubeflow-profile-manager/controller/profile/reconciler.go:94.54,95.29 1 1
github.com/johnhoman/kubeflow-profile-manager/controller/profile/reconciler.go:95.29,97.3 1 1
github.com/johnhoman/kubeflow-profile-manager/controller/profile/reconciler.go:100.55,101.29 1 0
github.com/johnhoman/kubeflow-profile-manager/controller/profile/reconciler.go:101.29,103.3 1 0
github.com/johnhoman/kubeflow-profile-manager/controller/profile/reconciler.go:106.42,107.29 1 1
github.com/johnhoman/kubeflow-profile-manager/controller/profile/reconciler.go:107.29,109.3 1 1
github.com/johnhoman/kubeflow-profile-manager/controller/profile/reconciler.go:112.59,113.29 1 1
github.com/johnhoman/kubeflow-profile-manager/controller/profile/reconciler.go:113.29,115.3 1 1
github.com/johnhoman/kubeflow-profile-manager/controller/profile/reconciler.go:118.69,119.29 1 1
github.com/johnhoman/kubeflow-profile-manager/controller/profile/reconciler.go:119.29,120.31 1 1
github.com/johnhoman/kubeflow-profile-manager/controller/profile/reconciler.go:123.3,123.34 1 1
github.com/johnhoman/kubeflow-profile-manager/controller/profile/reconciler.go:120.31,122.4 1 1
github.com/johnhoman/kubeflow-profile-manager/controller/profile/reconciler.go:123.34,125.4 1 1
github.com/johnhoman/kubeflow-profile-manager/controller/profile/reconciler.go:129.61,131.2 1 1
github.com/johnhoman/kubeflow-profile-manager/controller/profile/reconciler.go:133.83,134.29 1 1
github.com/johnhoman/kubeflow-profile-manager/controller/profile/reconciler.go:134.29,136.3 1 1
github.com/johnhoman/kubeflow-profile-manager/controller/profile/reconciler.go:139.50,140.29 1 1
github.com/johnhoman/kubeflow-profile-manager/controller/profile/reconciler.go:140.29,142.3 1 1
github.com/johnhoman/kubeflow-profile-manager/controller/profile/reconciler.go:145.46,147.2 1 0
github.com/johnhoman/kubeflow-profile-manager/controller/profile/reconciler.go:149.62,150.29 1 1
github.com/johnhoman/kubeflow-profile-manager/controller/profile/reconciler.go:150.29,152.3 1 1
github.com/johnhoman/kubeflow-profile-manager/controller/profile/reconciler.go:155.57,156.29 1 1
github.com/johnhoman/kubeflow-profile-manager/controller/profile/reconciler.go:156.29,158.3 1 1
github.com/johnhoman/kubeflow-profile-manager/controller/profile/reconciler.go:163.99,165.2 1 1
github.com/johnhoman/kubeflow-profile-manager/controller/profile/reconciler.go:170.79,181.25 2 1
github.com/johnhoman/kubeflow-profile-manager/controller/profile/reconciler.go:184.2,184.10 1 1
github.com/johnhoman/kubeflow-profile-manager/controller/profile/reconciler.go:181.25,183.3 1 1
github.com/johnhoman/kubeflow-profile-manager/controller/profile/reconciler.go:205.92,208.71 2 1
github.com/johnhoman/kubeflow-profile-manager/controller/profile/reconciler.go:212.2,213.94 2 1
github.com/johnhoman/kubeflow-profile-manager/controller/profile/reconciler.go:216.2,217.45 2 1
github.com/johnhoman/kubeflow-profile-manager/controller/profile/reconciler.go:220.2,222.43 3 1
github.com/johnhoman/kubeflow-profile-manager/controller/profile/reconciler.go:225.2,225.69 1 1
github.com/johnhoman/kubeflow-profile-manager/controller/profile/reconciler.go:229.2,236.26 2 1
github.com/johnhoman/kubeflow-profile-manager/controller/profile/reconciler.go:249.2,249.27 1 1
github.com/johnhoman/kubeflow-profile-manager/controller/profile/reconciler.go:208.71,210.3 1 0
github.com/johnhoman/kubeflow-profile-manager/controller/profile/reconciler.go:213.94,215.3 1 0
github.com/johnhoman/kubeflow-profile-manager/controller/profile/reconciler.go:217.45,219.3 1 0
github.com/johnhoman/kubeflow-profile-manager/controller/profile/reconciler.go:222.43,224.3 1 0
github.com/johnhoman/kubeflow-profile-manager/controller/profile/reconciler.go:225.69,227.3 1 0
github.com/johnhoman/kubeflow-profile-manager/controller/profile/reconciler.go:236.26,238.17 2 1
github.com/johnhoman/kubeflow-profile-manager/controller/profile/reconciler.go:241.3,241.14 1 1
github.com/johnhoman/kubeflow-profile-manager/controller/profile/reconciler.go:238.17,240.4 1 0
github.com/johnhoman/kubeflow-profile-manager/controller/profile/reconciler.go:242.46,242.46 0 1
github.com/johnhoman/kubeflow-profile-manager/controller/profile/reconciler.go:243.46,243.46 0 1
github.com/johnhoman/kubeflow-profile-manager/controller/profile/reconciler.go:244.13,246.29 2 1
github.com/johnhoman/kubeflow-profile-manager/controller/profile/reconciler.go:252.129,257.27 3 1
github.com/johnhoman/kubeflow-profile-manager/controller/profile/reconciler.go:270.2,270.90 1 1
github.com/johnhoman/kubeflow-profile-manager/controller/profile/reconciler.go:278.2,279.33 2 1
github.com/johnhoman/kubeflow-profile-manager/controller/profile/reconciler.go:285.2,286.53 2 1
github.com/johnhoman/kubeflow-profile-manager/controller/profile/reconciler.go:257.27,258.102 1 1
github.com/johnhoman/kubeflow-profile-manager/controller/profile/reconciler.go:261.3,261.45 1 1
github.com/johnhoman/kubeflow-profile-manager/controller/profile/reconciler.go:266.3,267.13 2 1
github.com/johnhoman/kubeflow-profile-manager/controller/profile/reconciler.go:258.102,260.4 1 0
github.com/johnhoman/kubeflow-profile-manager/controller/profile/reconciler.go:261.45,262.51 1 1
github.com/johnhoman/kubeflow-profile-manager/controller/profile/reconciler.go:262.51,264.5 1 1
github.com/johnhoman/kubeflow-profile-manager/controller/profile/reconciler.go:270.90,271.32 1 1
github.com/johnhoman/kubeflow-profile-manager/controller/profile/reconciler.go:275.3,275.85 1 0
github.com/johnhoman/kubeflow-profile-manager/controller/profile/reconciler.go:271.32,274.4 2 1
github.com/johnhoman/kubeflow-profile-manager/controller/profile/reconciler.go:279.33,280.81 1 1
github.com/johnhoman/kubeflow-profile-manager/controller/profile/reconciler.go:280.81,283.4 2 1
github.com/johnhoman/kubeflow-profile-manager/controller/profile/reconciler.go:289.144,293.79 4 1
github.com/johnhoman/kubeflow-profile-manager/controller/profile/reconciler.go:327.2,328.63 2 1
github.com/johnhoman/kubeflow-profile-manager/controller/profile/reconciler.go:293.79,294.99 1 1
github.com/johnhoman/kubeflow-profile-manager/controller/profile/reconciler.go:297.3,325.13 3 1
github.com/johnhoman/kubeflow-profile-manager/controller/profile/reconciler.go:294.99,296.4 1 0
github.com/johnhoman/kubeflow-profile-manager/controller/profile/reconciler.go:334.133,340.79 4 1
github.com/johnhoman/kubeflow-profile-manager/controller/profile/reconciler.go:355.2,355.57 1 1
github.com/johnhoman/kubeflow-profile-manager/controller/profile/reconciler.go:340.79,341.98 1 1
github.com/johnhoman/kubeflow-profile-manager/controller/profile/reconciler.go:344.3,346.10 3 1
github.com/johnhoman/kubeflow-profile-manager/controller/profile/reconciler.go:352.3,353.13 2 1
github.com/johnhoman/kubeflow-profile-manager/controller/profile/reconciler.go:341.98,343.4 1 0
github.com/johnhoman/kubeflow-profile-manager/controller/profile/reconciler.go:347.46,348.42 1 1
github.com/johnhoman/kubeflow-profile-manager/controller/profile/reconciler.go:349.42,350.38 1 1
github.com/johnhoman/kubeflow-profile-manager/controller/profile/reconciler.go:358.131,361.48 2 1
github.com/johnhoman/kubeflow-profile-manager/controller/profile/reconciler.go:366.2,369.80 4 1
github.com/johnhoman/kubeflow-profile-manager/controller/profile/reconciler.go:379.2,380.60 2 1
github.com/johnhoman/kubeflow-profile-manager/controller/profile/reconciler.go:361.48,364.3 2 0
github.com/johnhoman/kubeflow-profile-manager/controller/profile/reconciler.go:369.80,370.100 1 1
github.com/johnhoman/kubeflow-profile-manager/controller/profile/reconciler.go:373.3,377.13 5 1
github.com/johnhoman/kubeflow-profile-manager/controller/profile/reconciler.go:370.100,372.4 1 0
github.com/johnhoman/kubeflow-profile-manager/controller/profile/reconciler.go:385.33,387.2 1 1
github.com/johnhoman/kubeflow-profile-manager/controller/profile/reconciler.go:389.51,391.19 2 1
github.com/johnhoman/kubeflow-profile-manager/controller/profile/reconciler.go:394.2,395.21 2 1
github.com/johnhoman/kubeflow-profile-manager/controller/profile/reconciler.go:391.19,393.3 1 1
github.com/johnhoman/kubeflow-profile-manager/controller/profile/reconciler.go:398.56,400.24 2 1
github.com/johnhoman/kubeflow-profile-manager/controller/profile/reconciler.go:403.2,404.31 2 1
github.com/johnhoman/kubeflow-profile-manager/controller/profile/reconciler.go:400.24,402.3 1 1
github.com/johnhoman/kubeflow-profile-manager/controller/contributor/reconciler.go:34.84,52.40 4 0
github.com/johnhoman/kubeflow-profile-manager/controller/contributor/reconciler.go:58.2,58.44 1 0
github.com/johnhoman/kubeflow-profile-manager/controller/contributor/reconciler.go:62.2,62.54 1 0
github.com/johnhoman/kubeflow-profile-manager/controller/contributor/reconciler.go:52.40,56.3 2 0
github.com/johnhoman/kubeflow-profile-manager/controller/contributor/reconciler.go:58.44,60.3 1 0
github.com/johnhoman/kubeflow-profile-manager/controller/contributor/reconciler.go:67.55,68.29 1 0
github.com/johnhoman/kubeflow-profile-manager/controller/contributor/reconciler.go:68.29,70.3 1 0
github.com/johnhoman/kubeflow-profile-manager/controller/contributor/reconciler.go:73.55,74.29 1 0
github.com/johnhoman/kubeflow-profile-manager/controller/contributor/reconciler.go:74.29,76.3 1 0
github.com/johnhoman/kubeflow-profile-manager/controller/contributor/reconciler.go:79.42,80.29 1 1
github.com/johnhoman/kubeflow-profile-manager/controller/contributor/reconciler.go:80.29,82.3 1 1
github.com/johnhoman/kubeflow-profile-manager/controller/contributor/reconciler.go:85.46,86.29 1 0
github.com/johnhoman/kubeflow-profile-manager/controller/contributor/reconciler.go:86.30,86.31 0 0
github.com/johnhoman/kubeflow-profile-manager/controller/contributor/reconciler.go:89.63,90.29 1 1
github.com/johnhoman/kubeflow-profile-manager/controller/contributor/reconciler.go:90.29,92.3 1 1
github.com/johnhoman/kubeflow-profile-manager/controller/contributor/reconciler.go:95.65,96.29 1 1
github.com/johnhoman/kubeflow-profile-manager/controller/contributor/reconciler.go:96.29,98.3 1 1
github.com/johnhoman/kubeflow-profile-manager/controller/contributor/reconciler.go:101.62,102.29 1 1
github.com/johnhoman/kubeflow-profile-manager/controller/contributor/reconciler.go:102.29,104.3 1 1
github.com/johnhoman/kubeflow-profile-manager/controller/contributor/reconciler.go:107.57,108.29 1 1
github.com/johnhoman/kubeflow-profile-manager/controller/contributor/reconciler.go:108.29,110.3 1 1
github.com/johnhoman/kubeflow-profile-manager/controller/contributor/reconciler.go:115.103,117.2 1 1
github.com/johnhoman/kubeflow-profile-manager/controller/contributor/reconciler.go:119.79,131.25 2 1
github.com/johnhoman/kubeflow-profile-manager/controller/contributor/reconciler.go:134.2,134.10 1 1
github.com/johnhoman/kubeflow-profile-manager/controller/contributor/reconciler.go:131.25,133.3 1 1
github.com/johnhoman/kubeflow-profile-manager/controller/contributor/reconciler.go:153.92,156.75 2 1
github.com/johnhoman/kubeflow-profile-manager/controller/contributor/reconciler.go:160.2,166.26 2 1
github.com/johnhoman/kubeflow-profile-manager/controller/contributor/reconciler.go:176.2,176.27 1 1
github.com/johnhoman/kubeflow-profile-manager/controller/contributor/reconciler.go:156.75,158.3 1 0
github.com/johnhoman/kubeflow-profile-manager/controller/contributor/reconciler.go:166.26,168.17 2 1
github.com/johnhoman/kubeflow-profile-manager/controller/contributor/reconciler.go:171.3,171.14 1 1
github.com/johnhoman/kubeflow-profile-manager/controller/contributor/reconciler.go:168.17,170.4 1 0
github.com/johnhoman/kubeflow-profile-manager/controller/contributor/reconciler.go:172.46,172.46 0 1
github.com/johnhoman/kubeflow-profile-manager/controller/contributor/reconciler.go:173.46,173.46 0 0
github.com/johnhoman/kubeflow-profile-manager/controller/contributor/reconciler.go:179.142,185.87 4 1
github.com/johnhoman/kubeflow-profile-manager/controller/contributor/reconciler.go:193.2,193.58 1 1
github.com/johnhoman/kubeflow-profile-manager/controller/contributor/reconciler.go:185.87,186.111 1 1
github.com/johnhoman/kubeflow-profile-manager/controller/contributor/reconciler.go:189.3,191.13 3 1
github.com/johnhoman/kubeflow-profile-manager/controller/contributor/reconciler.go:186.111,188.4 1 0
github.com/johnhoman/kubeflow-profile-manager/controller/contributor/reconciler.go:196.139,204.80 4 1
github.com/johnhoman/kubeflow-profile-manager/controller/contributor/reconciler.go:223.2,223.55 1 1
github.com/johnhoman/kubeflow-profile-manager/controller/contributor/reconciler.go:204.80,205.104 1 1
github.com/johnhoman/kubeflow-profile-manager/controller/contributor/reconciler.go:208.3,221.13 7 1
github.com/johnhoman/kubeflow-profile-manager/controller/contributor/reconciler.go:205.104,207.4 1 0
github.com/johnhoman/kubeflow-profile-manager/controller/contributor/reconciler.go:226.152,235.79 4 1
github.com/johnhoman/kubeflow-profile-manager/controller/contributor/reconciler.go:260.2,260.16 1 1
github.com/johnhoman/kubeflow-profile-manager/controller/contributor/reconciler.go:266.2,270.78 4 1
github.com/johnhoman/kubeflow-profile-manager/controller/contributor/reconciler.go:300.2,301.63 2 1
github.com/johnhoman/kubeflow-profile-manager/controller/contributor/reconciler.go:235.79,236.103 1 1
github.com/johnhoman/kubeflow-profile-manager/controller/contributor/reconciler.go:239.3,258.13 2 1
github.com/johnhoman/kubeflow-profile-manager/controller/contributor/reconciler.go:236.103,238.4 1 0
github.com/johnhoman/kubeflow-profile-manager/controller/contributor/reconciler.go:260.16,264.3 2 0
github.com/johnhoman/kubeflow-profile-manager/controller/contributor/reconciler.go:270.78,271.103 1 1
github.com/johnhoman/kubeflow-profile-manager/controller/contributor/reconciler.go:274.3,298.13 2 1
github.com/johnhoman/kubeflow-profile-manager/controller/contributor/reconciler.go:271.103,273.4 1 0
github.com/johnhoman/kubeflow-profile-manager/controller/contributor/reconciler.go:306.33,306.84 1 1
github.com/johnhoman/kubeflow-profile-manager/controller/contributor/reconciler.go:308.51,310.19 2 1
github.com/johnhoman/kubeflow-profile-manager/controller/contributor/reconciler.go:313.2,314.21 2 1
github.com/johnhoman/kubeflow-profile-manager/controller/contributor/reconciler.go:310.19,312.3 1 1
github.com/johnhoman/kubeflow-profile-manager/controller/contributor/reconciler.go:317.56,319.24 2 1
github.com/johnhoman/kubeflow-profile-manager/controller/contributor/reconciler.go:322.2,323.31 2 1
github.com/johnhoman/kubeflow-profile-manager/controller/contributor/reconciler.go:319.24,321.3 1 1
